{"C:\\Users\\qjmzc\\Desktop\\APT攻击情报分析d\\backend\\src\\controllers\\authController.js": {"path":"C:\\Users\\qjmzc\\Desktop\\APT攻击情报分析d\\backend\\src\\controllers\\authController.js","statementMap":{"0":{"start":{"line":1,"column":15},"end":{"line":1,"column":34}},"1":{"start":{"line":2,"column":12},"end":{"line":2,"column":35}},"2":{"start":{"line":3,"column":17},"end":{"line":3,"column":37}},"3":{"start":{"line":4,"column":15},"end":{"line":4,"column":35}},"4":{"start":{"line":7,"column":22},"end":{"line":24,"column":1}},"5":{"start":{"line":8,"column":2},"end":{"line":23,"column":3}},"6":{"start":{"line":9,"column":24},"end":{"line":9,"column":76}},"7":{"start":{"line":11,"column":4},"end":{"line":20,"column":5}},"8":{"start":{"line":12,"column":29},"end":{"line":12,"column":62}},"9":{"start":{"line":13,"column":6},"end":{"line":18,"column":9}},"10":{"start":{"line":19,"column":6},"end":{"line":19,"column":48}},"11":{"start":{"line":22,"column":4},"end":{"line":22,"column":40}},"12":{"start":{"line":27,"column":17},"end":{"line":75,"column":1}},"13":{"start":{"line":28,"column":2},"end":{"line":74,"column":3}},"14":{"start":{"line":29,"column":42},"end":{"line":29,"column":50}},"15":{"start":{"line":32,"column":25},"end":{"line":36,"column":6}},"16":{"start":{"line":38,"column":4},"end":{"line":40,"column":5}},"17":{"start":{"line":39,"column":6},"end":{"line":39,"column":60}},"18":{"start":{"line":43,"column":27},"end":{"line":43,"column":58}},"19":{"start":{"line":46,"column":17},"end":{"line":51,"column":6}},"20":{"start":{"line":54,"column":18},"end":{"line":58,"column":5}},"21":{"start":{"line":60,"column":4},"end":{"line":70,"column":7}},"22":{"start":{"line":72,"column":4},"end":{"line":72,"column":34}},"23":{"start":{"line":73,"column":4},"end":{"line":73,"column":47}},"24":{"start":{"line":78,"column":14},"end":{"line":122,"column":1}},"25":{"start":{"line":79,"column":2},"end":{"line":121,"column":3}},"26":{"start":{"line":80,"column":35},"end":{"line":80,"column":43}},"27":{"start":{"line":83,"column":17},"end":{"line":87,"column":6}},"28":{"start":{"line":89,"column":4},"end":{"line":91,"column":5}},"29":{"start":{"line":90,"column":6},"end":{"line":90,"column":59}},"30":{"start":{"line":94,"column":28},"end":{"line":94,"column":73}},"31":{"start":{"line":96,"column":4},"end":{"line":98,"column":5}},"32":{"start":{"line":97,"column":6},"end":{"line":97,"column":59}},"33":{"start":{"line":101,"column":18},"end":{"line":105,"column":5}},"34":{"start":{"line":107,"column":4},"end":{"line":117,"column":7}},"35":{"start":{"line":119,"column":4},"end":{"line":119,"column":34}},"36":{"start":{"line":120,"column":4},"end":{"line":120,"column":47}},"37":{"start":{"line":125,"column":14},"end":{"line":140,"column":1}},"38":{"start":{"line":126,"column":2},"end":{"line":139,"column":3}},"39":{"start":{"line":127,"column":17},"end":{"line":129,"column":6}},"40":{"start":{"line":131,"column":4},"end":{"line":133,"column":5}},"41":{"start":{"line":132,"column":6},"end":{"line":132,"column":56}},"42":{"start":{"line":135,"column":4},"end":{"line":135,"column":19}},"43":{"start":{"line":137,"column":4},"end":{"line":137,"column":38}},"44":{"start":{"line":138,"column":4},"end":{"line":138,"column":47}},"45":{"start":{"line":143,"column":22},"end":{"line":171,"column":1}},"46":{"start":{"line":144,"column":2},"end":{"line":170,"column":3}},"47":{"start":{"line":145,"column":40},"end":{"line":145,"column":48}},"48":{"start":{"line":146,"column":17},"end":{"line":146,"column":49}},"49":{"start":{"line":148,"column":4},"end":{"line":150,"column":5}},"50":{"start":{"line":149,"column":6},"end":{"line":149,"column":56}},"51":{"start":{"line":152,"column":4},"end":{"line":152,"column":46}},"52":{"start":{"line":153,"column":4},"end":{"line":153,"column":37}},"53":{"start":{"line":154,"column":4},"end":{"line":154,"column":40}},"54":{"start":{"line":155,"column":4},"end":{"line":155,"column":22}},"55":{"start":{"line":157,"column":4},"end":{"line":166,"column":7}},"56":{"start":{"line":168,"column":4},"end":{"line":168,"column":38}},"57":{"start":{"line":169,"column":4},"end":{"line":169,"column":47}},"58":{"start":{"line":174,"column":23},"end":{"line":200,"column":1}},"59":{"start":{"line":175,"column":2},"end":{"line":199,"column":3}},"60":{"start":{"line":176,"column":41},"end":{"line":176,"column":49}},"61":{"start":{"line":177,"column":17},"end":{"line":177,"column":49}},"62":{"start":{"line":179,"column":4},"end":{"line":181,"column":5}},"63":{"start":{"line":180,"column":6},"end":{"line":180,"column":56}},"64":{"start":{"line":184,"column":28},"end":{"line":184,"column":76}},"65":{"start":{"line":186,"column":4},"end":{"line":188,"column":5}},"66":{"start":{"line":187,"column":6},"end":{"line":187,"column":56}},"67":{"start":{"line":191,"column":27},"end":{"line":191,"column":61}},"68":{"start":{"line":192,"column":4},"end":{"line":192,"column":35}},"69":{"start":{"line":193,"column":4},"end":{"line":193,"column":22}},"70":{"start":{"line":195,"column":4},"end":{"line":195,"column":36}},"71":{"start":{"line":197,"column":4},"end":{"line":197,"column":36}},"72":{"start":{"line":198,"column":4},"end":{"line":198,"column":47}},"73":{"start":{"line":205,"column":20},"end":{"line":217,"column":1}},"74":{"start":{"line":206,"column":2},"end":{"line":216,"column":3}},"75":{"start":{"line":207,"column":18},"end":{"line":210,"column":6}},"76":{"start":{"line":212,"column":4},"end":{"line":212,"column":20}},"77":{"start":{"line":214,"column":4},"end":{"line":214,"column":38}},"78":{"start":{"line":215,"column":4},"end":{"line":215,"column":47}},"79":{"start":{"line":220,"column":19},"end":{"line":245,"column":1}},"80":{"start":{"line":221,"column":2},"end":{"line":244,"column":3}},"81":{"start":{"line":222,"column":19},"end":{"line":222,"column":29}},"82":{"start":{"line":225,"column":4},"end":{"line":227,"column":5}},"83":{"start":{"line":226,"column":6},"end":{"line":226,"column":60}},"84":{"start":{"line":229,"column":17},"end":{"line":229,"column":40}},"85":{"start":{"line":230,"column":4},"end":{"line":232,"column":5}},"86":{"start":{"line":231,"column":6},"end":{"line":231,"column":56}},"87":{"start":{"line":235,"column":4},"end":{"line":237,"column":5}},"88":{"start":{"line":236,"column":6},"end":{"line":236,"column":60}},"89":{"start":{"line":239,"column":4},"end":{"line":239,"column":25}},"90":{"start":{"line":240,"column":4},"end":{"line":240,"column":36}},"91":{"start":{"line":242,"column":4},"end":{"line":242,"column":36}},"92":{"start":{"line":243,"column":4},"end":{"line":243,"column":47}},"93":{"start":{"line":248,"column":23},"end":{"line":275,"column":1}},"94":{"start":{"line":249,"column":2},"end":{"line":274,"column":3}},"95":{"start":{"line":250,"column":19},"end":{"line":250,"column":29}},"96":{"start":{"line":251,"column":21},"end":{"line":251,"column":29}},"97":{"start":{"line":253,"column":4},"end":{"line":255,"column":5}},"98":{"start":{"line":254,"column":6},"end":{"line":254,"column":56}},"99":{"start":{"line":257,"column":17},"end":{"line":257,"column":40}},"100":{"start":{"line":258,"column":4},"end":{"line":260,"column":5}},"101":{"start":{"line":259,"column":6},"end":{"line":259,"column":56}},"102":{"start":{"line":263,"column":4},"end":{"line":265,"column":5}},"103":{"start":{"line":264,"column":6},"end":{"line":264,"column":60}},"104":{"start":{"line":267,"column":4},"end":{"line":267,"column":21}},"105":{"start":{"line":268,"column":4},"end":{"line":268,"column":22}},"106":{"start":{"line":270,"column":4},"end":{"line":270,"column":101}},"107":{"start":{"line":272,"column":4},"end":{"line":272,"column":38}},"108":{"start":{"line":273,"column":4},"end":{"line":273,"column":47}},"109":{"start":{"line":277,"column":0},"end":{"line":287,"column":2}}},"fnMap":{"0":{"name":"(anonymous_0)","decl":{"start":{"line":7,"column":22},"end":{"line":7,"column":23}},"loc":{"start":{"line":7,"column":34},"end":{"line":24,"column":1}},"line":7},"1":{"name":"(anonymous_1)","decl":{"start":{"line":27,"column":17},"end":{"line":27,"column":18}},"loc":{"start":{"line":27,"column":37},"end":{"line":75,"column":1}},"line":27},"2":{"name":"(anonymous_2)","decl":{"start":{"line":78,"column":14},"end":{"line":78,"column":15}},"loc":{"start":{"line":78,"column":34},"end":{"line":122,"column":1}},"line":78},"3":{"name":"(anonymous_3)","decl":{"start":{"line":125,"column":14},"end":{"line":125,"column":15}},"loc":{"start":{"line":125,"column":34},"end":{"line":140,"column":1}},"line":125},"4":{"name":"(anonymous_4)","decl":{"start":{"line":143,"column":22},"end":{"line":143,"column":23}},"loc":{"start":{"line":143,"column":42},"end":{"line":171,"column":1}},"line":143},"5":{"name":"(anonymous_5)","decl":{"start":{"line":174,"column":23},"end":{"line":174,"column":24}},"loc":{"start":{"line":174,"column":43},"end":{"line":200,"column":1}},"line":174},"6":{"name":"(anonymous_6)","decl":{"start":{"line":205,"column":20},"end":{"line":205,"column":21}},"loc":{"start":{"line":205,"column":40},"end":{"line":217,"column":1}},"line":205},"7":{"name":"(anonymous_7)","decl":{"start":{"line":220,"column":19},"end":{"line":220,"column":20}},"loc":{"start":{"line":220,"column":39},"end":{"line":245,"column":1}},"line":220},"8":{"name":"(anonymous_8)","decl":{"start":{"line":248,"column":23},"end":{"line":248,"column":24}},"loc":{"start":{"line":248,"column":43},"end":{"line":275,"column":1}},"line":248}},"branchMap":{"0":{"loc":{"start":{"line":11,"column":4},"end":{"line":20,"column":5}},"type":"if","locations":[{"start":{"line":11,"column":4},"end":{"line":20,"column":5}},{"start":{},"end":{}}],"line":11},"1":{"loc":{"start":{"line":38,"column":4},"end":{"line":40,"column":5}},"type":"if","locations":[{"start":{"line":38,"column":4},"end":{"line":40,"column":5}},{"start":{},"end":{}}],"line":38},"2":{"loc":{"start":{"line":89,"column":4},"end":{"line":91,"column":5}},"type":"if","locations":[{"start":{"line":89,"column":4},"end":{"line":91,"column":5}},{"start":{},"end":{}}],"line":89},"3":{"loc":{"start":{"line":96,"column":4},"end":{"line":98,"column":5}},"type":"if","locations":[{"start":{"line":96,"column":4},"end":{"line":98,"column":5}},{"start":{},"end":{}}],"line":96},"4":{"loc":{"start":{"line":131,"column":4},"end":{"line":133,"column":5}},"type":"if","locations":[{"start":{"line":131,"column":4},"end":{"line":133,"column":5}},{"start":{},"end":{}}],"line":131},"5":{"loc":{"start":{"line":148,"column":4},"end":{"line":150,"column":5}},"type":"if","locations":[{"start":{"line":148,"column":4},"end":{"line":150,"column":5}},{"start":{},"end":{}}],"line":148},"6":{"loc":{"start":{"line":152,"column":20},"end":{"line":152,"column":45}},"type":"binary-expr","locations":[{"start":{"line":152,"column":20},"end":{"line":152,"column":28}},{"start":{"line":152,"column":32},"end":{"line":152,"column":45}}],"line":152},"7":{"loc":{"start":{"line":153,"column":17},"end":{"line":153,"column":36}},"type":"binary-expr","locations":[{"start":{"line":153,"column":17},"end":{"line":153,"column":22}},{"start":{"line":153,"column":26},"end":{"line":153,"column":36}}],"line":153},"8":{"loc":{"start":{"line":154,"column":18},"end":{"line":154,"column":39}},"type":"binary-expr","locations":[{"start":{"line":154,"column":18},"end":{"line":154,"column":24}},{"start":{"line":154,"column":28},"end":{"line":154,"column":39}}],"line":154},"9":{"loc":{"start":{"line":179,"column":4},"end":{"line":181,"column":5}},"type":"if","locations":[{"start":{"line":179,"column":4},"end":{"line":181,"column":5}},{"start":{},"end":{}}],"line":179},"10":{"loc":{"start":{"line":186,"column":4},"end":{"line":188,"column":5}},"type":"if","locations":[{"start":{"line":186,"column":4},"end":{"line":188,"column":5}},{"start":{},"end":{}}],"line":186},"11":{"loc":{"start":{"line":225,"column":4},"end":{"line":227,"column":5}},"type":"if","locations":[{"start":{"line":225,"column":4},"end":{"line":227,"column":5}},{"start":{},"end":{}}],"line":225},"12":{"loc":{"start":{"line":230,"column":4},"end":{"line":232,"column":5}},"type":"if","locations":[{"start":{"line":230,"column":4},"end":{"line":232,"column":5}},{"start":{},"end":{}}],"line":230},"13":{"loc":{"start":{"line":235,"column":4},"end":{"line":237,"column":5}},"type":"if","locations":[{"start":{"line":235,"column":4},"end":{"line":237,"column":5}},{"start":{},"end":{}}],"line":235},"14":{"loc":{"start":{"line":253,"column":4},"end":{"line":255,"column":5}},"type":"if","locations":[{"start":{"line":253,"column":4},"end":{"line":255,"column":5}},{"start":{},"end":{}}],"line":253},"15":{"loc":{"start":{"line":258,"column":4},"end":{"line":260,"column":5}},"type":"if","locations":[{"start":{"line":258,"column":4},"end":{"line":260,"column":5}},{"start":{},"end":{}}],"line":258},"16":{"loc":{"start":{"line":263,"column":4},"end":{"line":265,"column":5}},"type":"if","locations":[{"start":{"line":263,"column":4},"end":{"line":265,"column":5}},{"start":{},"end":{}}],"line":263}},"s":{"0":1,"1":1,"2":1,"3":1,"4":1,"5":0,"6":0,"7":0,"8":0,"9":0,"10":0,"11":0,"12":1,"13":3,"14":3,"15":3,"16":2,"17":1,"18":1,"19":1,"20":1,"21":1,"22":1,"23":1,"24":1,"25":3,"26":3,"27":3,"28":3,"29":1,"30":2,"31":2,"32":1,"33":1,"34":1,"35":0,"36":0,"37":1,"38":2,"39":2,"40":2,"41":1,"42":1,"43":0,"44":0,"45":1,"46":2,"47":2,"48":2,"49":2,"50":1,"51":1,"52":1,"53":1,"54":1,"55":1,"56":0,"57":0,"58":1,"59":2,"60":2,"61":2,"62":2,"63":0,"64":2,"65":2,"66":1,"67":1,"68":1,"69":1,"70":1,"71":0,"72":0,"73":1,"74":1,"75":1,"76":1,"77":0,"78":0,"79":1,"80":4,"81":4,"82":4,"83":1,"84":3,"85":3,"86":1,"87":2,"88":1,"89":1,"90":1,"91":0,"92":0,"93":1,"94":3,"95":3,"96":3,"97":3,"98":1,"99":2,"100":2,"101":0,"102":2,"103":1,"104":1,"105":1,"106":1,"107":0,"108":0,"109":1},"f":{"0":0,"1":3,"2":3,"3":2,"4":2,"5":2,"6":1,"7":4,"8":3},"b":{"0":[0,0],"1":[1,1],"2":[1,2],"3":[1,1],"4":[1,1],"5":[1,1],"6":[1,0],"7":[1,0],"8":[1,1],"9":[0,2],"10":[1,1],"11":[1,3],"12":[1,2],"13":[1,1],"14":[1,2],"15":[0,2],"16":[1,1]},"_coverageSchema":"1a1c01bbd47fc00a2c39e90264f33305004495a9","hash":"ee6453d8c34308802ecccf5af5e5e77f39a62913"}
,"C:\\Users\\qjmzc\\Desktop\\APT攻击情报分析d\\backend\\src\\controllers\\cveController.js": {"path":"C:\\Users\\qjmzc\\Desktop\\APT攻击情报分析d\\backend\\src\\controllers\\cveController.js","statementMap":{"0":{"start":{"line":1,"column":16},"end":{"line":1,"column":36}},"1":{"start":{"line":2,"column":15},"end":{"line":2,"column":35}},"2":{"start":{"line":3,"column":11},"end":{"line":3,"column":33}},"3":{"start":{"line":4,"column":13},"end":{"line":4,"column":28}},"4":{"start":{"line":7,"column":28},"end":{"line":38,"column":1}},"5":{"start":{"line":8,"column":2},"end":{"line":37,"column":3}},"6":{"start":{"line":9,"column":21},"end":{"line":9,"column":62}},"7":{"start":{"line":10,"column":18},"end":{"line":10,"column":44}},"8":{"start":{"line":11,"column":19},"end":{"line":11,"column":21}},"9":{"start":{"line":13,"column":4},"end":{"line":27,"column":5}},"10":{"start":{"line":14,"column":23},"end":{"line":14,"column":48}},"11":{"start":{"line":15,"column":20},"end":{"line":15,"column":43}},"12":{"start":{"line":16,"column":6},"end":{"line":26,"column":7}},"13":{"start":{"line":17,"column":22},"end":{"line":17,"column":48}},"14":{"start":{"line":18,"column":24},"end":{"line":24,"column":13}},"15":{"start":{"line":19,"column":23},"end":{"line":19,"column":40}},"16":{"start":{"line":20,"column":21},"end":{"line":24,"column":11}},"17":{"start":{"line":25,"column":8},"end":{"line":25,"column":44}},"18":{"start":{"line":30,"column":4},"end":{"line":33,"column":7}},"19":{"start":{"line":31,"column":6},"end":{"line":31,"column":65}},"20":{"start":{"line":31,"column":29},"end":{"line":31,"column":65}},"21":{"start":{"line":32,"column":6},"end":{"line":32,"column":38}},"22":{"start":{"line":35,"column":4},"end":{"line":35,"column":41}},"23":{"start":{"line":36,"column":4},"end":{"line":36,"column":14}},"24":{"start":{"line":41,"column":24},"end":{"line":67,"column":1}},"25":{"start":{"line":42,"column":2},"end":{"line":66,"column":3}},"26":{"start":{"line":43,"column":21},"end":{"line":43,"column":72}},"27":{"start":{"line":44,"column":20},"end":{"line":44,"column":56}},"28":{"start":{"line":47,"column":23},"end":{"line":47,"column":53}},"29":{"start":{"line":48,"column":15},"end":{"line":48,"column":74}},"30":{"start":{"line":50,"column":29},"end":{"line":50,"column":80}},"31":{"start":{"line":51,"column":24},"end":{"line":51,"column":74}},"32":{"start":{"line":53,"column":26},"end":{"line":53,"column":71}},"33":{"start":{"line":54,"column":21},"end":{"line":54,"column":85}},"34":{"start":{"line":56,"column":4},"end":{"line":62,"column":6}},"35":{"start":{"line":64,"column":4},"end":{"line":64,"column":57}},"36":{"start":{"line":65,"column":4},"end":{"line":65,"column":89}},"37":{"start":{"line":70,"column":29},"end":{"line":114,"column":1}},"38":{"start":{"line":71,"column":2},"end":{"line":113,"column":3}},"39":{"start":{"line":73,"column":22},"end":{"line":73,"column":49}},"40":{"start":{"line":74,"column":4},"end":{"line":76,"column":5}},"41":{"start":{"line":75,"column":6},"end":{"line":75,"column":47}},"42":{"start":{"line":77,"column":17},"end":{"line":77,"column":29}},"43":{"start":{"line":79,"column":21},"end":{"line":79,"column":83}},"44":{"start":{"line":80,"column":20},"end":{"line":80,"column":56}},"45":{"start":{"line":83,"column":23},"end":{"line":83,"column":53}},"46":{"start":{"line":84,"column":15},"end":{"line":84,"column":49}},"47":{"start":{"line":86,"column":29},"end":{"line":86,"column":80}},"48":{"start":{"line":87,"column":24},"end":{"line":87,"column":74}},"49":{"start":{"line":89,"column":26},"end":{"line":89,"column":71}},"50":{"start":{"line":90,"column":21},"end":{"line":90,"column":85}},"51":{"start":{"line":93,"column":27},"end":{"line":93,"column":79}},"52":{"start":{"line":94,"column":22},"end":{"line":94,"column":68}},"53":{"start":{"line":97,"column":24},"end":{"line":97,"column":69}},"54":{"start":{"line":98,"column":19},"end":{"line":98,"column":59}},"55":{"start":{"line":100,"column":4},"end":{"line":109,"column":6}},"56":{"start":{"line":111,"column":4},"end":{"line":111,"column":54}},"57":{"start":{"line":112,"column":4},"end":{"line":112,"column":16}},"58":{"start":{"line":117,"column":19},"end":{"line":149,"column":1}},"59":{"start":{"line":118,"column":2},"end":{"line":148,"column":3}},"60":{"start":{"line":119,"column":17},"end":{"line":119,"column":46}},"61":{"start":{"line":120,"column":18},"end":{"line":120,"column":49}},"62":{"start":{"line":121,"column":19},"end":{"line":121,"column":41}},"63":{"start":{"line":122,"column":19},"end":{"line":122,"column":37}},"64":{"start":{"line":124,"column":19},"end":{"line":124,"column":46}},"65":{"start":{"line":127,"column":4},"end":{"line":132,"column":5}},"66":{"start":{"line":128,"column":26},"end":{"line":128,"column":46}},"67":{"start":{"line":129,"column":6},"end":{"line":131,"column":8}},"68":{"start":{"line":130,"column":8},"end":{"line":130,"column":51}},"69":{"start":{"line":134,"column":18},"end":{"line":134,"column":33}},"70":{"start":{"line":135,"column":27},"end":{"line":135,"column":65}},"71":{"start":{"line":137,"column":17},"end":{"line":137,"column":90}},"72":{"start":{"line":137,"column":62},"end":{"line":137,"column":88}},"73":{"start":{"line":139,"column":4},"end":{"line":144,"column":7}},"74":{"start":{"line":146,"column":4},"end":{"line":146,"column":39}},"75":{"start":{"line":147,"column":4},"end":{"line":147,"column":47}},"76":{"start":{"line":152,"column":19},"end":{"line":176,"column":1}},"77":{"start":{"line":153,"column":2},"end":{"line":175,"column":3}},"78":{"start":{"line":154,"column":19},"end":{"line":154,"column":29}},"79":{"start":{"line":157,"column":22},"end":{"line":157,"column":52}},"80":{"start":{"line":159,"column":4},"end":{"line":161,"column":5}},"81":{"start":{"line":160,"column":6},"end":{"line":160,"column":33}},"82":{"start":{"line":164,"column":16},"end":{"line":164,"column":38}},"83":{"start":{"line":165,"column":4},"end":{"line":169,"column":5}},"84":{"start":{"line":166,"column":6},"end":{"line":166,"column":20}},"85":{"start":{"line":167,"column":6},"end":{"line":167,"column":23}},"86":{"start":{"line":168,"column":6},"end":{"line":168,"column":27}},"87":{"start":{"line":171,"column":4},"end":{"line":171,"column":55}},"88":{"start":{"line":173,"column":4},"end":{"line":173,"column":39}},"89":{"start":{"line":174,"column":4},"end":{"line":174,"column":47}},"90":{"start":{"line":179,"column":19},"end":{"line":199,"column":1}},"91":{"start":{"line":180,"column":2},"end":{"line":198,"column":3}},"92":{"start":{"line":181,"column":18},"end":{"line":181,"column":27}},"93":{"start":{"line":183,"column":4},"end":{"line":185,"column":5}},"94":{"start":{"line":184,"column":6},"end":{"line":184,"column":59}},"95":{"start":{"line":187,"column":21},"end":{"line":187,"column":48}},"96":{"start":{"line":188,"column":26},"end":{"line":190,"column":18}},"97":{"start":{"line":189,"column":6},"end":{"line":189,"column":53}},"98":{"start":{"line":192,"column":17},"end":{"line":192,"column":89}},"99":{"start":{"line":192,"column":61},"end":{"line":192,"column":87}},"100":{"start":{"line":194,"column":4},"end":{"line":194,"column":19}},"101":{"start":{"line":196,"column":4},"end":{"line":196,"column":37}},"102":{"start":{"line":197,"column":4},"end":{"line":197,"column":47}},"103":{"start":{"line":202,"column":19},"end":{"line":216,"column":1}},"104":{"start":{"line":203,"column":2},"end":{"line":215,"column":3}},"105":{"start":{"line":204,"column":18},"end":{"line":204,"column":48}},"106":{"start":{"line":206,"column":21},"end":{"line":206,"column":48}},"107":{"start":{"line":207,"column":24},"end":{"line":207,"column":48}},"108":{"start":{"line":209,"column":17},"end":{"line":209,"column":87}},"109":{"start":{"line":209,"column":59},"end":{"line":209,"column":85}},"110":{"start":{"line":211,"column":4},"end":{"line":211,"column":19}},"111":{"start":{"line":213,"column":4},"end":{"line":213,"column":39}},"112":{"start":{"line":214,"column":4},"end":{"line":214,"column":47}},"113":{"start":{"line":219,"column":20},"end":{"line":242,"column":1}},"114":{"start":{"line":220,"column":2},"end":{"line":241,"column":3}},"115":{"start":{"line":221,"column":21},"end":{"line":221,"column":48}},"116":{"start":{"line":224,"column":17},"end":{"line":224,"column":98}},"117":{"start":{"line":224,"column":70},"end":{"line":224,"column":96}},"118":{"start":{"line":226,"column":18},"end":{"line":235,"column":5}},"119":{"start":{"line":229,"column":35},"end":{"line":229,"column":60}},"120":{"start":{"line":230,"column":31},"end":{"line":230,"column":52}},"121":{"start":{"line":231,"column":33},"end":{"line":231,"column":56}},"122":{"start":{"line":232,"column":30},"end":{"line":232,"column":50}},"123":{"start":{"line":233,"column":34},"end":{"line":233,"column":58}},"124":{"start":{"line":237,"column":4},"end":{"line":237,"column":20}},"125":{"start":{"line":239,"column":4},"end":{"line":239,"column":39}},"126":{"start":{"line":240,"column":4},"end":{"line":240,"column":47}},"127":{"start":{"line":244,"column":0},"end":{"line":250,"column":2}}},"fnMap":{"0":{"name":"(anonymous_0)","decl":{"start":{"line":7,"column":28},"end":{"line":7,"column":29}},"loc":{"start":{"line":7,"column":40},"end":{"line":38,"column":1}},"line":7},"1":{"name":"(anonymous_1)","decl":{"start":{"line":19,"column":18},"end":{"line":19,"column":19}},"loc":{"start":{"line":19,"column":23},"end":{"line":19,"column":40}},"line":19},"2":{"name":"(anonymous_2)","decl":{"start":{"line":20,"column":15},"end":{"line":20,"column":16}},"loc":{"start":{"line":20,"column":21},"end":{"line":24,"column":11}},"line":20},"3":{"name":"(anonymous_3)","decl":{"start":{"line":30,"column":25},"end":{"line":30,"column":26}},"loc":{"start":{"line":30,"column":35},"end":{"line":33,"column":5}},"line":30},"4":{"name":"(anonymous_4)","decl":{"start":{"line":41,"column":24},"end":{"line":41,"column":25}},"loc":{"start":{"line":41,"column":44},"end":{"line":67,"column":1}},"line":41},"5":{"name":"(anonymous_5)","decl":{"start":{"line":70,"column":29},"end":{"line":70,"column":30}},"loc":{"start":{"line":70,"column":46},"end":{"line":114,"column":1}},"line":70},"6":{"name":"(anonymous_6)","decl":{"start":{"line":117,"column":19},"end":{"line":117,"column":20}},"loc":{"start":{"line":117,"column":39},"end":{"line":149,"column":1}},"line":117},"7":{"name":"(anonymous_7)","decl":{"start":{"line":129,"column":33},"end":{"line":129,"column":34}},"loc":{"start":{"line":130,"column":8},"end":{"line":130,"column":51}},"line":130},"8":{"name":"(anonymous_8)","decl":{"start":{"line":137,"column":54},"end":{"line":137,"column":55}},"loc":{"start":{"line":137,"column":62},"end":{"line":137,"column":88}},"line":137},"9":{"name":"(anonymous_9)","decl":{"start":{"line":152,"column":19},"end":{"line":152,"column":20}},"loc":{"start":{"line":152,"column":39},"end":{"line":176,"column":1}},"line":152},"10":{"name":"(anonymous_10)","decl":{"start":{"line":179,"column":19},"end":{"line":179,"column":20}},"loc":{"start":{"line":179,"column":39},"end":{"line":199,"column":1}},"line":179},"11":{"name":"(anonymous_11)","decl":{"start":{"line":188,"column":42},"end":{"line":188,"column":43}},"loc":{"start":{"line":189,"column":6},"end":{"line":189,"column":53}},"line":189},"12":{"name":"(anonymous_12)","decl":{"start":{"line":192,"column":53},"end":{"line":192,"column":54}},"loc":{"start":{"line":192,"column":61},"end":{"line":192,"column":87}},"line":192},"13":{"name":"(anonymous_13)","decl":{"start":{"line":202,"column":19},"end":{"line":202,"column":20}},"loc":{"start":{"line":202,"column":39},"end":{"line":216,"column":1}},"line":202},"14":{"name":"(anonymous_14)","decl":{"start":{"line":209,"column":51},"end":{"line":209,"column":52}},"loc":{"start":{"line":209,"column":59},"end":{"line":209,"column":85}},"line":209},"15":{"name":"(anonymous_15)","decl":{"start":{"line":219,"column":20},"end":{"line":219,"column":21}},"loc":{"start":{"line":219,"column":40},"end":{"line":242,"column":1}},"line":219},"16":{"name":"(anonymous_16)","decl":{"start":{"line":224,"column":62},"end":{"line":224,"column":63}},"loc":{"start":{"line":224,"column":70},"end":{"line":224,"column":96}},"line":224},"17":{"name":"(anonymous_17)","decl":{"start":{"line":229,"column":30},"end":{"line":229,"column":31}},"loc":{"start":{"line":229,"column":35},"end":{"line":229,"column":60}},"line":229},"18":{"name":"(anonymous_18)","decl":{"start":{"line":230,"column":26},"end":{"line":230,"column":27}},"loc":{"start":{"line":230,"column":31},"end":{"line":230,"column":52}},"line":230},"19":{"name":"(anonymous_19)","decl":{"start":{"line":231,"column":28},"end":{"line":231,"column":29}},"loc":{"start":{"line":231,"column":33},"end":{"line":231,"column":56}},"line":231},"20":{"name":"(anonymous_20)","decl":{"start":{"line":232,"column":25},"end":{"line":232,"column":26}},"loc":{"start":{"line":232,"column":30},"end":{"line":232,"column":50}},"line":232},"21":{"name":"(anonymous_21)","decl":{"start":{"line":233,"column":29},"end":{"line":233,"column":30}},"loc":{"start":{"line":233,"column":34},"end":{"line":233,"column":58}},"line":233}},"branchMap":{"0":{"loc":{"start":{"line":16,"column":6},"end":{"line":26,"column":7}},"type":"if","locations":[{"start":{"line":16,"column":6},"end":{"line":26,"column":7}},{"start":{},"end":{}}],"line":16},"1":{"loc":{"start":{"line":31,"column":6},"end":{"line":31,"column":65}},"type":"if","locations":[{"start":{"line":31,"column":6},"end":{"line":31,"column":65}},{"start":{},"end":{}}],"line":31},"2":{"loc":{"start":{"line":48,"column":15},"end":{"line":48,"column":74}},"type":"cond-expr","locations":[{"start":{"line":48,"column":28},"end":{"line":48,"column":41}},{"start":{"line":48,"column":44},"end":{"line":48,"column":74}}],"line":48},"3":{"loc":{"start":{"line":51,"column":24},"end":{"line":51,"column":74}},"type":"cond-expr","locations":[{"start":{"line":51,"column":43},"end":{"line":51,"column":69}},{"start":{"line":51,"column":72},"end":{"line":51,"column":74}}],"line":51},"4":{"loc":{"start":{"line":54,"column":21},"end":{"line":54,"column":85}},"type":"cond-expr","locations":[{"start":{"line":54,"column":37},"end":{"line":54,"column":73}},{"start":{"line":54,"column":76},"end":{"line":54,"column":85}}],"line":54},"5":{"loc":{"start":{"line":59,"column":52},"end":{"line":59,"column":89}},"type":"cond-expr","locations":[{"start":{"line":59,"column":79},"end":{"line":59,"column":84}},{"start":{"line":59,"column":87},"end":{"line":59,"column":89}}],"line":59},"6":{"loc":{"start":{"line":74,"column":4},"end":{"line":76,"column":5}},"type":"if","locations":[{"start":{"line":74,"column":4},"end":{"line":76,"column":5}},{"start":{},"end":{}}],"line":74},"7":{"loc":{"start":{"line":84,"column":15},"end":{"line":84,"column":49}},"type":"cond-expr","locations":[{"start":{"line":84,"column":28},"end":{"line":84,"column":41}},{"start":{"line":84,"column":44},"end":{"line":84,"column":49}}],"line":84},"8":{"loc":{"start":{"line":87,"column":24},"end":{"line":87,"column":74}},"type":"cond-expr","locations":[{"start":{"line":87,"column":43},"end":{"line":87,"column":69}},{"start":{"line":87,"column":72},"end":{"line":87,"column":74}}],"line":87},"9":{"loc":{"start":{"line":90,"column":21},"end":{"line":90,"column":85}},"type":"cond-expr","locations":[{"start":{"line":90,"column":37},"end":{"line":90,"column":73}},{"start":{"line":90,"column":76},"end":{"line":90,"column":85}}],"line":90},"10":{"loc":{"start":{"line":94,"column":22},"end":{"line":94,"column":68}},"type":"cond-expr","locations":[{"start":{"line":94,"column":39},"end":{"line":94,"column":63}},{"start":{"line":94,"column":66},"end":{"line":94,"column":68}}],"line":94},"11":{"loc":{"start":{"line":98,"column":19},"end":{"line":98,"column":59}},"type":"cond-expr","locations":[{"start":{"line":98,"column":33},"end":{"line":98,"column":54}},{"start":{"line":98,"column":57},"end":{"line":98,"column":59}}],"line":98},"12":{"loc":{"start":{"line":119,"column":17},"end":{"line":119,"column":46}},"type":"binary-expr","locations":[{"start":{"line":119,"column":17},"end":{"line":119,"column":41}},{"start":{"line":119,"column":45},"end":{"line":119,"column":46}}],"line":119},"13":{"loc":{"start":{"line":120,"column":18},"end":{"line":120,"column":49}},"type":"binary-expr","locations":[{"start":{"line":120,"column":18},"end":{"line":120,"column":43}},{"start":{"line":120,"column":47},"end":{"line":120,"column":49}}],"line":120},"14":{"loc":{"start":{"line":121,"column":19},"end":{"line":121,"column":41}},"type":"binary-expr","locations":[{"start":{"line":121,"column":19},"end":{"line":121,"column":35}},{"start":{"line":121,"column":39},"end":{"line":121,"column":41}}],"line":121},"15":{"loc":{"start":{"line":127,"column":4},"end":{"line":132,"column":5}},"type":"if","locations":[{"start":{"line":127,"column":4},"end":{"line":132,"column":5}},{"start":{},"end":{}}],"line":127},"16":{"loc":{"start":{"line":159,"column":4},"end":{"line":161,"column":5}},"type":"if","locations":[{"start":{"line":159,"column":4},"end":{"line":161,"column":5}},{"start":{},"end":{}}],"line":159},"17":{"loc":{"start":{"line":165,"column":4},"end":{"line":169,"column":5}},"type":"if","locations":[{"start":{"line":165,"column":4},"end":{"line":169,"column":5}},{"start":{},"end":{}}],"line":165},"18":{"loc":{"start":{"line":183,"column":4},"end":{"line":185,"column":5}},"type":"if","locations":[{"start":{"line":183,"column":4},"end":{"line":185,"column":5}},{"start":{},"end":{}}],"line":183},"19":{"loc":{"start":{"line":204,"column":18},"end":{"line":204,"column":48}},"type":"binary-expr","locations":[{"start":{"line":204,"column":18},"end":{"line":204,"column":43}},{"start":{"line":204,"column":47},"end":{"line":204,"column":48}}],"line":204}},"s":{"0":1,"1":1,"2":1,"3":1,"4":1,"5":7,"6":7,"7":7,"8":6,"9":6,"10":7,"11":7,"12":7,"13":7,"14":7,"15":14,"16":14,"17":7,"18":6,"19":9,"20":2,"21":7,"22":1,"23":1,"24":1,"25":10,"26":10,"27":10,"28":10,"29":10,"30":10,"31":10,"32":10,"33":10,"34":10,"35":0,"36":0,"37":1,"38":3,"39":3,"40":3,"41":0,"42":3,"43":3,"44":3,"45":1,"46":1,"47":1,"48":1,"49":1,"50":1,"51":1,"52":1,"53":1,"54":1,"55":1,"56":2,"57":2,"58":1,"59":4,"60":4,"61":4,"62":4,"63":4,"64":4,"65":4,"66":1,"67":1,"68":2,"69":4,"70":4,"71":4,"72":5,"73":4,"74":0,"75":0,"76":1,"77":3,"78":3,"79":3,"80":3,"81":1,"82":2,"83":2,"84":1,"85":1,"86":1,"87":1,"88":0,"89":0,"90":1,"91":2,"92":2,"93":2,"94":1,"95":1,"96":1,"97":2,"98":1,"99":1,"100":1,"101":0,"102":0,"103":1,"104":1,"105":1,"106":1,"107":1,"108":1,"109":2,"110":1,"111":0,"112":0,"113":1,"114":1,"115":1,"116":1,"117":2,"118":1,"119":2,"120":2,"121":2,"122":2,"123":2,"124":1,"125":0,"126":0,"127":1},"f":{"0":7,"1":14,"2":14,"3":9,"4":10,"5":3,"6":4,"7":2,"8":5,"9":3,"10":2,"11":2,"12":1,"13":1,"14":2,"15":1,"16":2,"17":2,"18":2,"19":2,"20":2,"21":2},"b":{"0":[7,0],"1":[2,7],"2":[10,0],"3":[10,0],"4":[10,0],"5":[0,10],"6":[0,3],"7":[1,0],"8":[1,0],"9":[1,0],"10":[1,0],"11":[1,0],"12":[4,3],"13":[4,3],"14":[4,3],"15":[1,3],"16":[1,2],"17":[1,1],"18":[1,1],"19":[1,0]},"_coverageSchema":"1a1c01bbd47fc00a2c39e90264f33305004495a9","hash":"77cd1901501842f515a6b52d1119af562c658c08"}
,"C:\\Users\\qjmzc\\Desktop\\APT攻击情报分析d\\backend\\src\\middlewares\\auth.js": {"path":"C:\\Users\\qjmzc\\Desktop\\APT攻击情报分析d\\backend\\src\\middlewares\\auth.js","statementMap":{"0":{"start":{"line":1,"column":12},"end":{"line":1,"column":35}},"1":{"start":{"line":2,"column":17},"end":{"line":2,"column":37}},"2":{"start":{"line":4,"column":23},"end":{"line":24,"column":1}},"3":{"start":{"line":5,"column":2},"end":{"line":23,"column":3}},"4":{"start":{"line":6,"column":18},"end":{"line":6,"column":58}},"5":{"start":{"line":8,"column":4},"end":{"line":10,"column":5}},"6":{"start":{"line":9,"column":6},"end":{"line":9,"column":58}},"7":{"start":{"line":12,"column":20},"end":{"line":12,"column":61}},"8":{"start":{"line":13,"column":17},"end":{"line":13,"column":48}},"9":{"start":{"line":15,"column":4},"end":{"line":17,"column":5}},"10":{"start":{"line":16,"column":6},"end":{"line":16,"column":56}},"11":{"start":{"line":19,"column":4},"end":{"line":19,"column":20}},"12":{"start":{"line":20,"column":4},"end":{"line":20,"column":11}},"13":{"start":{"line":22,"column":4},"end":{"line":22,"column":56}},"14":{"start":{"line":26,"column":24},"end":{"line":31,"column":1}},"15":{"start":{"line":27,"column":2},"end":{"line":29,"column":3}},"16":{"start":{"line":28,"column":4},"end":{"line":28,"column":56}},"17":{"start":{"line":30,"column":2},"end":{"line":30,"column":9}},"18":{"start":{"line":33,"column":0},"end":{"line":33,"column":53}}},"fnMap":{"0":{"name":"(anonymous_0)","decl":{"start":{"line":4,"column":23},"end":{"line":4,"column":24}},"loc":{"start":{"line":4,"column":49},"end":{"line":24,"column":1}},"line":4},"1":{"name":"(anonymous_1)","decl":{"start":{"line":26,"column":24},"end":{"line":26,"column":25}},"loc":{"start":{"line":26,"column":50},"end":{"line":31,"column":1}},"line":26}},"branchMap":{"0":{"loc":{"start":{"line":8,"column":4},"end":{"line":10,"column":5}},"type":"if","locations":[{"start":{"line":8,"column":4},"end":{"line":10,"column":5}},{"start":{},"end":{}}],"line":8},"1":{"loc":{"start":{"line":15,"column":4},"end":{"line":17,"column":5}},"type":"if","locations":[{"start":{"line":15,"column":4},"end":{"line":17,"column":5}},{"start":{},"end":{}}],"line":15},"2":{"loc":{"start":{"line":27,"column":2},"end":{"line":29,"column":3}},"type":"if","locations":[{"start":{"line":27,"column":2},"end":{"line":29,"column":3}},{"start":{},"end":{}}],"line":27}},"s":{"0":1,"1":1,"2":1,"3":5,"4":5,"5":5,"6":2,"7":3,"8":2,"9":2,"10":1,"11":1,"12":1,"13":1,"14":1,"15":2,"16":1,"17":1,"18":1},"f":{"0":5,"1":2},"b":{"0":[2,3],"1":[1,1],"2":[1,1]},"_coverageSchema":"1a1c01bbd47fc00a2c39e90264f33305004495a9","hash":"ebfbfa90757d6e5ff1e50477b5b2338c458bfd4a"}
}
