TN:
SF:src\controllers\authController.js
FN:7,(anonymous_0)
FN:27,(anonymous_1)
FN:78,(anonymous_2)
FN:125,(anonymous_3)
FN:143,(anonymous_4)
FN:174,(anonymous_5)
FN:205,(anonymous_6)
FN:220,(anonymous_7)
FN:248,(anonymous_8)
FNF:9
FNH:8
FNDA:0,(anonymous_0)
FNDA:3,(anonymous_1)
FNDA:3,(anonymous_2)
FNDA:2,(anonymous_3)
FNDA:2,(anonymous_4)
FNDA:2,(anonymous_5)
FNDA:1,(anonymous_6)
FNDA:4,(anonymous_7)
FNDA:3,(anonymous_8)
DA:1,1
DA:2,1
DA:3,1
DA:4,1
DA:7,1
DA:8,0
DA:9,0
DA:11,0
DA:12,0
DA:13,0
DA:19,0
DA:22,0
DA:27,1
DA:28,3
DA:29,3
DA:32,3
DA:38,2
DA:39,1
DA:43,1
DA:46,1
DA:54,1
DA:60,1
DA:72,1
DA:73,1
DA:78,1
DA:79,3
DA:80,3
DA:83,3
DA:89,3
DA:90,1
DA:94,2
DA:96,2
DA:97,1
DA:101,1
DA:107,1
DA:119,0
DA:120,0
DA:125,1
DA:126,2
DA:127,2
DA:131,2
DA:132,1
DA:135,1
DA:137,0
DA:138,0
DA:143,1
DA:144,2
DA:145,2
DA:146,2
DA:148,2
DA:149,1
DA:152,1
DA:153,1
DA:154,1
DA:155,1
DA:157,1
DA:168,0
DA:169,0
DA:174,1
DA:175,2
DA:176,2
DA:177,2
DA:179,2
DA:180,0
DA:184,2
DA:186,2
DA:187,1
DA:191,1
DA:192,1
DA:193,1
DA:195,1
DA:197,0
DA:198,0
DA:205,1
DA:206,1
DA:207,1
DA:212,1
DA:214,0
DA:215,0
DA:220,1
DA:221,4
DA:222,4
DA:225,4
DA:226,1
DA:229,3
DA:230,3
DA:231,1
DA:235,2
DA:236,1
DA:239,1
DA:240,1
DA:242,0
DA:243,0
DA:248,1
DA:249,3
DA:250,3
DA:251,3
DA:253,3
DA:254,1
DA:257,2
DA:258,2
DA:259,0
DA:263,2
DA:264,1
DA:267,1
DA:268,1
DA:270,1
DA:272,0
DA:273,0
DA:277,1
LF:110
LH:87
BRDA:11,0,0,0
BRDA:11,0,1,0
BRDA:38,1,0,1
BRDA:38,1,1,1
BRDA:89,2,0,1
BRDA:89,2,1,2
BRDA:96,3,0,1
BRDA:96,3,1,1
BRDA:131,4,0,1
BRDA:131,4,1,1
BRDA:148,5,0,1
BRDA:148,5,1,1
BRDA:152,6,0,1
BRDA:152,6,1,0
BRDA:153,7,0,1
BRDA:153,7,1,0
BRDA:154,8,0,1
BRDA:154,8,1,1
BRDA:179,9,0,0
BRDA:179,9,1,2
BRDA:186,10,0,1
BRDA:186,10,1,1
BRDA:225,11,0,1
BRDA:225,11,1,3
BRDA:230,12,0,1
BRDA:230,12,1,2
BRDA:235,13,0,1
BRDA:235,13,1,1
BRDA:253,14,0,1
BRDA:253,14,1,2
BRDA:258,15,0,0
BRDA:258,15,1,2
BRDA:263,16,0,1
BRDA:263,16,1,1
BRF:34
BRH:28
end_of_record
TN:
SF:src\controllers\cveController.js
FN:7,(anonymous_0)
FN:19,(anonymous_1)
FN:20,(anonymous_2)
FN:30,(anonymous_3)
FN:41,(anonymous_4)
FN:70,(anonymous_5)
FN:117,(anonymous_6)
FN:129,(anonymous_7)
FN:137,(anonymous_8)
FN:152,(anonymous_9)
FN:179,(anonymous_10)
FN:188,(anonymous_11)
FN:192,(anonymous_12)
FN:202,(anonymous_13)
FN:209,(anonymous_14)
FN:219,(anonymous_15)
FN:224,(anonymous_16)
FN:229,(anonymous_17)
FN:230,(anonymous_18)
FN:231,(anonymous_19)
FN:232,(anonymous_20)
FN:233,(anonymous_21)
FNF:22
FNH:22
FNDA:7,(anonymous_0)
FNDA:14,(anonymous_1)
FNDA:14,(anonymous_2)
FNDA:9,(anonymous_3)
FNDA:10,(anonymous_4)
FNDA:3,(anonymous_5)
FNDA:4,(anonymous_6)
FNDA:2,(anonymous_7)
FNDA:5,(anonymous_8)
FNDA:3,(anonymous_9)
FNDA:2,(anonymous_10)
FNDA:2,(anonymous_11)
FNDA:1,(anonymous_12)
FNDA:1,(anonymous_13)
FNDA:2,(anonymous_14)
FNDA:1,(anonymous_15)
FNDA:2,(anonymous_16)
FNDA:2,(anonymous_17)
FNDA:2,(anonymous_18)
FNDA:2,(anonymous_19)
FNDA:2,(anonymous_20)
FNDA:2,(anonymous_21)
DA:1,1
DA:2,1
DA:3,1
DA:4,1
DA:7,1
DA:8,7
DA:9,7
DA:10,7
DA:11,6
DA:13,6
DA:14,7
DA:15,7
DA:16,7
DA:17,7
DA:18,7
DA:19,14
DA:20,14
DA:25,7
DA:30,6
DA:31,9
DA:32,7
DA:35,1
DA:36,1
DA:41,1
DA:42,10
DA:43,10
DA:44,10
DA:47,10
DA:48,10
DA:50,10
DA:51,10
DA:53,10
DA:54,10
DA:56,10
DA:64,0
DA:65,0
DA:70,1
DA:71,3
DA:73,3
DA:74,3
DA:75,0
DA:77,3
DA:79,3
DA:80,3
DA:83,1
DA:84,1
DA:86,1
DA:87,1
DA:89,1
DA:90,1
DA:93,1
DA:94,1
DA:97,1
DA:98,1
DA:100,1
DA:111,2
DA:112,2
DA:117,1
DA:118,4
DA:119,4
DA:120,4
DA:121,4
DA:122,4
DA:124,4
DA:127,4
DA:128,1
DA:129,1
DA:130,2
DA:134,4
DA:135,4
DA:137,5
DA:139,4
DA:146,0
DA:147,0
DA:152,1
DA:153,3
DA:154,3
DA:157,3
DA:159,3
DA:160,1
DA:164,2
DA:165,2
DA:166,1
DA:167,1
DA:168,1
DA:171,1
DA:173,0
DA:174,0
DA:179,1
DA:180,2
DA:181,2
DA:183,2
DA:184,1
DA:187,1
DA:188,1
DA:189,2
DA:192,1
DA:194,1
DA:196,0
DA:197,0
DA:202,1
DA:203,1
DA:204,1
DA:206,1
DA:207,1
DA:209,2
DA:211,1
DA:213,0
DA:214,0
DA:219,1
DA:220,1
DA:221,1
DA:224,2
DA:226,1
DA:229,2
DA:230,2
DA:231,2
DA:232,2
DA:233,2
DA:237,1
DA:239,0
DA:240,0
DA:244,1
LF:123
LH:110
BRDA:16,0,0,7
BRDA:16,0,1,0
BRDA:31,1,0,2
BRDA:31,1,1,7
BRDA:48,2,0,10
BRDA:48,2,1,0
BRDA:51,3,0,10
BRDA:51,3,1,0
BRDA:54,4,0,10
BRDA:54,4,1,0
BRDA:59,5,0,0
BRDA:59,5,1,10
BRDA:74,6,0,0
BRDA:74,6,1,3
BRDA:84,7,0,1
BRDA:84,7,1,0
BRDA:87,8,0,1
BRDA:87,8,1,0
BRDA:90,9,0,1
BRDA:90,9,1,0
BRDA:94,10,0,1
BRDA:94,10,1,0
BRDA:98,11,0,1
BRDA:98,11,1,0
BRDA:119,12,0,4
BRDA:119,12,1,3
BRDA:120,13,0,4
BRDA:120,13,1,3
BRDA:121,14,0,4
BRDA:121,14,1,3
BRDA:127,15,0,1
BRDA:127,15,1,3
BRDA:159,16,0,1
BRDA:159,16,1,2
BRDA:165,17,0,1
BRDA:165,17,1,1
BRDA:183,18,0,1
BRDA:183,18,1,1
BRDA:204,19,0,1
BRDA:204,19,1,0
BRF:40
BRH:28
end_of_record
TN:
SF:src\middlewares\auth.js
FN:4,(anonymous_0)
FN:26,(anonymous_1)
FNF:2
FNH:2
FNDA:5,(anonymous_0)
FNDA:2,(anonymous_1)
DA:1,1
DA:2,1
DA:4,1
DA:5,5
DA:6,5
DA:8,5
DA:9,2
DA:12,3
DA:13,2
DA:15,2
DA:16,1
DA:19,1
DA:20,1
DA:22,1
DA:26,1
DA:27,2
DA:28,1
DA:30,1
DA:33,1
LF:19
LH:19
BRDA:8,0,0,2
BRDA:8,0,1,3
BRDA:15,1,0,1
BRDA:15,1,1,1
BRDA:27,2,0,1
BRDA:27,2,1,1
BRF:6
BRH:6
end_of_record
