{"numFailedTestSuites":0,"numFailedTests":0,"numPassedTestSuites":3,"numPassedTests":38,"numPendingTestSuites":0,"numPendingTests":0,"numRuntimeErrorTestSuites":0,"numTodoTests":0,"numTotalTestSuites":3,"numTotalTests":38,"openHandles":[],"snapshot":{"added":0,"didUpdate":false,"failure":false,"filesAdded":0,"filesRemoved":0,"filesRemovedList":[],"filesUnmatched":0,"filesUpdated":0,"matched":0,"total":0,"unchecked":0,"uncheckedKeysByFile":[],"unmatched":0,"updated":0},"startTime":1778729821994,"success":true,"testResults":[{"assertionResults":[{"ancestorTitles":["Auth Middleware","authMiddleware"],"duration":4,"failing":false,"failureDetails":[],"failureMessages":[],"fullName":"Auth Middleware authMiddleware 应该返回401当没有提供token时","invocations":1,"location":null,"numPassingAsserts":3,"retryReasons":[],"startAt":1778729822940,"status":"passed","title":"应该返回401当没有提供token时"},{"ancestorTitles":["Auth Middleware","authMiddleware"],"duration":1,"failing":false,"failureDetails":[],"failureMessages":[],"fullName":"Auth Middleware authMiddleware 应该返回401当token格式错误时","invocations":1,"location":null,"numPassingAsserts":3,"retryReasons":[],"startAt":1778729822944,"status":"passed","title":"应该返回401当token格式错误时"},{"ancestorTitles":["Auth Middleware","authMiddleware"],"duration":0,"failing":false,"failureDetails":[],"failureMessages":[],"fullName":"Auth Middleware authMiddleware 应该返回401当token无效时","invocations":1,"location":null,"numPassingAsserts":3,"retryReasons":[],"startAt":1778729822945,"status":"passed","title":"应该返回401当token无效时"},{"ancestorTitles":["Auth Middleware","authMiddleware"],"duration":3,"failing":false,"failureDetails":[],"failureMessages":[],"fullName":"Auth Middleware authMiddleware 应该返回401当用户不存在时","invocations":1,"location":null,"numPassingAsserts":3,"retryReasons":[],"startAt":1778729822945,"status":"passed","title":"应该返回401当用户不存在时"},{"ancestorTitles":["Auth Middleware","authMiddleware"],"duration":0,"failing":false,"failureDetails":[],"failureMessages":[],"fullName":"Auth Middleware authMiddleware 应该成功认证并调用next","invocations":1,"location":null,"numPassingAsserts":3,"retryReasons":[],"startAt":1778729822948,"status":"passed","title":"应该成功认证并调用next"},{"ancestorTitles":["Auth Middleware","adminMiddleware"],"duration":0,"failing":false,"failureDetails":[],"failureMessages":[],"fullName":"Auth Middleware adminMiddleware 应该返回403当用户不是管理员时","invocations":1,"location":null,"numPassingAsserts":3,"retryReasons":[],"startAt":1778729822949,"status":"passed","title":"应该返回403当用户不是管理员时"},{"ancestorTitles":["Auth Middleware","adminMiddleware"],"duration":0,"failing":false,"failureDetails":[],"failureMessages":[],"fullName":"Auth Middleware adminMiddleware 应该成功通过管理员权限检查","invocations":1,"location":null,"numPassingAsserts":2,"retryReasons":[],"startAt":1778729822949,"status":"passed","title":"应该成功通过管理员权限检查"}],"endTime":1778729822950,"message":"","name":"C:\\Users\\qjmzc\\Desktop\\APT攻击情报分析d\\backend\\tests\\middlewares\\auth.test.js","startTime":1778729822508,"status":"passed","summary":""},{"assertionResults":[{"ancestorTitles":["CVE Controller","getAllCVEs"],"duration":10,"failing":false,"failureDetails":[],"failureMessages":[],"fullName":"CVE Controller getAllCVEs 应该返回CVE列表（默认分页）","invocations":1,"location":null,"numPassingAsserts":1,"retryReasons":[],"startAt":1778729823114,"status":"passed","title":"应该返回CVE列表（默认分页）"},{"ancestorTitles":["CVE Controller","getAllCVEs"],"duration":0,"failing":false,"failureDetails":[],"failureMessages":[],"fullName":"CVE Controller getAllCVEs 应该支持分页参数","invocations":1,"location":null,"numPassingAsserts":1,"retryReasons":[],"startAt":1778729823125,"status":"passed","title":"应该支持分页参数"},{"ancestorTitles":["CVE Controller","getAllCVEs"],"duration":1,"failing":false,"failureDetails":[],"failureMessages":[],"fullName":"CVE Controller getAllCVEs 应该支持搜索过滤","invocations":1,"location":null,"numPassingAsserts":1,"retryReasons":[],"startAt":1778729823125,"status":"passed","title":"应该支持搜索过滤"},{"ancestorTitles":["CVE Controller","getAllCVEs"],"duration":9,"failing":false,"failureDetails":[],"failureMessages":[],"fullName":"CVE Controller getAllCVEs 应该返回空列表当文件系统出错时（getCVEFilesFromRepo内部捕获）","invocations":1,"location":null,"numPassingAsserts":1,"retryReasons":[],"startAt":1778729823126,"status":"passed","title":"应该返回空列表当文件系统出错时（getCVEFilesFromRepo内部捕获）"},{"ancestorTitles":["CVE Controller","getCVEById"],"duration":1,"failing":false,"failureDetails":[],"failureMessages":[],"fullName":"CVE Controller getCVEById 应该返回单个CVE详情","invocations":1,"location":null,"numPassingAsserts":1,"retryReasons":[],"startAt":1778729823135,"status":"passed","title":"应该返回单个CVE详情"},{"ancestorTitles":["CVE Controller","getCVEById"],"duration":0,"failing":false,"failureDetails":[],"failureMessages":[],"fullName":"CVE Controller getCVEById 应该返回404当CVE不存在时","invocations":1,"location":null,"numPassingAsserts":2,"retryReasons":[],"startAt":1778729823136,"status":"passed","title":"应该返回404当CVE不存在时"},{"ancestorTitles":["CVE Controller","getCVEById"],"duration":1,"failing":false,"failureDetails":[],"failureMessages":[],"fullName":"CVE Controller getCVEById 应该从数据库获取CVE当文件不存在时","invocations":1,"location":null,"numPassingAsserts":2,"retryReasons":[],"startAt":1778729823136,"status":"passed","title":"应该从数据库获取CVE当文件不存在时"},{"ancestorTitles":["CVE Controller","searchCVEs"],"duration":0,"failing":false,"failureDetails":[],"failureMessages":[],"fullName":"CVE Controller searchCVEs 应该返回搜索结果","invocations":1,"location":null,"numPassingAsserts":1,"retryReasons":[],"startAt":1778729823137,"status":"passed","title":"应该返回搜索结果"},{"ancestorTitles":["CVE Controller","searchCVEs"],"duration":1,"failing":false,"failureDetails":[],"failureMessages":[],"fullName":"CVE Controller searchCVEs 应该返回400当没有提供搜索关键词时","invocations":1,"location":null,"numPassingAsserts":2,"retryReasons":[],"startAt":1778729823137,"status":"passed","title":"应该返回400当没有提供搜索关键词时"},{"ancestorTitles":["CVE Controller","getHotCVEs"],"duration":0,"failing":false,"failureDetails":[],"failureMessages":[],"fullName":"CVE Controller getHotCVEs 应该返回热门CVE列表","invocations":1,"location":null,"numPassingAsserts":1,"retryReasons":[],"startAt":1778729823138,"status":"passed","title":"应该返回热门CVE列表"},{"ancestorTitles":["CVE Controller","getCVEStats"],"duration":1,"failing":false,"failureDetails":[],"failureMessages":[],"fullName":"CVE Controller getCVEStats 应该返回CVE统计数据","invocations":1,"location":null,"numPassingAsserts":1,"retryReasons":[],"startAt":1778729823138,"status":"passed","title":"应该返回CVE统计数据"}],"endTime":1778729823139,"message":"","name":"C:\\Users\\qjmzc\\Desktop\\APT攻击情报分析d\\backend\\tests\\controllers\\cveController.test.js","startTime":1778729822504,"status":"passed","summary":""},{"assertionResults":[{"ancestorTitles":["Auth Controller","register"],"duration":72,"failing":false,"failureDetails":[],"failureMessages":[],"fullName":"Auth Controller register 应该成功注册新用户","invocations":1,"location":null,"numPassingAsserts":2,"retryReasons":[],"startAt":1778729823156,"status":"passed","title":"应该成功注册新用户"},{"ancestorTitles":["Auth Controller","register"],"duration":1,"failing":false,"failureDetails":[],"failureMessages":[],"fullName":"Auth Controller register 应该返回400当用户名已存在时","invocations":1,"location":null,"numPassingAsserts":2,"retryReasons":[],"startAt":1778729823228,"status":"passed","title":"应该返回400当用户名已存在时"},{"ancestorTitles":["Auth Controller","register"],"duration":11,"failing":false,"failureDetails":[],"failureMessages":[],"fullName":"Auth Controller register 应该返回500当服务器出错时","invocations":1,"location":null,"numPassingAsserts":2,"retryReasons":[],"startAt":1778729823229,"status":"passed","title":"应该返回500当服务器出错时"},{"ancestorTitles":["Auth Controller","login"],"duration":121,"failing":false,"failureDetails":[],"failureMessages":[],"fullName":"Auth Controller login 应该成功登录并返回token","invocations":1,"location":null,"numPassingAsserts":1,"retryReasons":[],"startAt":1778729823240,"status":"passed","title":"应该成功登录并返回token"},{"ancestorTitles":["Auth Controller","login"],"duration":0,"failing":false,"failureDetails":[],"failureMessages":[],"fullName":"Auth Controller login 应该返回401当用户不存在时","invocations":1,"location":null,"numPassingAsserts":2,"retryReasons":[],"startAt":1778729823361,"status":"passed","title":"应该返回401当用户不存在时"},{"ancestorTitles":["Auth Controller","login"],"duration":116,"failing":false,"failureDetails":[],"failureMessages":[],"fullName":"Auth Controller login 应该返回401当密码错误时","invocations":1,"location":null,"numPassingAsserts":2,"retryReasons":[],"startAt":1778729823361,"status":"passed","title":"应该返回401当密码错误时"},{"ancestorTitles":["Auth Controller","getMe"],"duration":1,"failing":false,"failureDetails":[],"failureMessages":[],"fullName":"Auth Controller getMe 应该返回当前用户信息","invocations":1,"location":null,"numPassingAsserts":1,"retryReasons":[],"startAt":1778729823477,"status":"passed","title":"应该返回当前用户信息"},{"ancestorTitles":["Auth Controller","getMe"],"duration":0,"failing":false,"failureDetails":[],"failureMessages":[],"fullName":"Auth Controller getMe 应该返回404当用户不存在时","invocations":1,"location":null,"numPassingAsserts":2,"retryReasons":[],"startAt":1778729823478,"status":"passed","title":"应该返回404当用户不存在时"},{"ancestorTitles":["Auth Controller","updateProfile"],"duration":0,"failing":false,"failureDetails":[],"failureMessages":[],"fullName":"Auth Controller updateProfile 应该成功更新用户资料","invocations":1,"location":null,"numPassingAsserts":1,"retryReasons":[],"startAt":1778729823478,"status":"passed","title":"应该成功更新用户资料"},{"ancestorTitles":["Auth Controller","updateProfile"],"duration":1,"failing":false,"failureDetails":[],"failureMessages":[],"fullName":"Auth Controller updateProfile 应该返回404当用户不存在时","invocations":1,"location":null,"numPassingAsserts":2,"retryReasons":[],"startAt":1778729823478,"status":"passed","title":"应该返回404当用户不存在时"},{"ancestorTitles":["Auth Controller","changePassword"],"duration":175,"failing":false,"failureDetails":[],"failureMessages":[],"fullName":"Auth Controller changePassword 应该成功修改密码","invocations":1,"location":null,"numPassingAsserts":2,"retryReasons":[],"startAt":1778729823479,"status":"passed","title":"应该成功修改密码"},{"ancestorTitles":["Auth Controller","changePassword"],"duration":117,"failing":false,"failureDetails":[],"failureMessages":[],"fullName":"Auth Controller changePassword 应该返回400当旧密码错误时","invocations":1,"location":null,"numPassingAsserts":2,"retryReasons":[],"startAt":1778729823654,"status":"passed","title":"应该返回400当旧密码错误时"},{"ancestorTitles":["Auth Controller","getAllUsers (admin)"],"duration":1,"failing":false,"failureDetails":[],"failureMessages":[],"fullName":"Auth Controller getAllUsers (admin) 应该返回所有用户列表","invocations":1,"location":null,"numPassingAsserts":1,"retryReasons":[],"startAt":1778729823771,"status":"passed","title":"应该返回所有用户列表"},{"ancestorTitles":["Auth Controller","deleteUser (admin)"],"duration":0,"failing":false,"failureDetails":[],"failureMessages":[],"fullName":"Auth Controller deleteUser (admin) 应该成功删除用户","invocations":1,"location":null,"numPassingAsserts":1,"retryReasons":[],"startAt":1778729823772,"status":"passed","title":"应该成功删除用户"},{"ancestorTitles":["Auth Controller","deleteUser (admin)"],"duration":1,"failing":false,"failureDetails":[],"failureMessages":[],"fullName":"Auth Controller deleteUser (admin) 应该返回400当试图删除自己时","invocations":1,"location":null,"numPassingAsserts":2,"retryReasons":[],"startAt":1778729823772,"status":"passed","title":"应该返回400当试图删除自己时"},{"ancestorTitles":["Auth Controller","deleteUser (admin)"],"duration":0,"failing":false,"failureDetails":[],"failureMessages":[],"fullName":"Auth Controller deleteUser (admin) 应该返回403当试图删除管理员时","invocations":1,"location":null,"numPassingAsserts":2,"retryReasons":[],"startAt":1778729823773,"status":"passed","title":"应该返回403当试图删除管理员时"},{"ancestorTitles":["Auth Controller","deleteUser (admin)"],"duration":0,"failing":false,"failureDetails":[],"failureMessages":[],"fullName":"Auth Controller deleteUser (admin) 应该返回404当用户不存在时","invocations":1,"location":null,"numPassingAsserts":2,"retryReasons":[],"startAt":1778729823773,"status":"passed","title":"应该返回404当用户不存在时"},{"ancestorTitles":["Auth Controller","updateUserRole (admin)"],"duration":0,"failing":false,"failureDetails":[],"failureMessages":[],"fullName":"Auth Controller updateUserRole (admin) 应该成功更新用户角色","invocations":1,"location":null,"numPassingAsserts":1,"retryReasons":[],"startAt":1778729823773,"status":"passed","title":"应该成功更新用户角色"},{"ancestorTitles":["Auth Controller","updateUserRole (admin)"],"duration":1,"failing":false,"failureDetails":[],"failureMessages":[],"fullName":"Auth Controller updateUserRole (admin) 应该返回400当角色无效时","invocations":1,"location":null,"numPassingAsserts":2,"retryReasons":[],"startAt":1778729823773,"status":"passed","title":"应该返回400当角色无效时"},{"ancestorTitles":["Auth Controller","updateUserRole (admin)"],"duration":0,"failing":false,"failureDetails":[],"failureMessages":[],"fullName":"Auth Controller updateUserRole (admin) 应该返回400当试图修改自己的角色时","invocations":1,"location":null,"numPassingAsserts":2,"retryReasons":[],"startAt":1778729823774,"status":"passed","title":"应该返回400当试图修改自己的角色时"}],"endTime":1778729823775,"message":"","name":"C:\\Users\\qjmzc\\Desktop\\APT攻击情报分析d\\backend\\tests\\controllers\\authController.test.js","startTime":1778729822501,"status":"passed","summary":""}],"wasInterrupted":false}
